[18:21:22] [main/INFO]: Loaded 0 recipes
[18:21:22] [Server thread/INFO]: Starting minecraft server version 1.13.2
[18:21:22] [Server thread/INFO]: Loading properties
[18:21:22] [Server console handler/ERROR]: Exception handling console input
java.io.IOException: Controlador no válido
	at java.io.FileInputStream.readBytes(Native Method) ~[?:1.8.0_171]
	at java.io.FileInputStream.read(Unknown Source) ~[?:1.8.0_171]
	at java.io.BufferedInputStream.fill(Unknown Source) ~[?:1.8.0_171]
	at java.io.BufferedInputStream.read(Unknown Source) ~[?:1.8.0_171]
	at org.bukkit.craftbukkit.libs.jline.internal.NonBlockingInputStream.read(NonBlockingInputStream.java:248) ~[craftbukkit-1.13.2.jar:git-Bukkit-dff66df]
	at org.bukkit.craftbukkit.libs.jline.internal.InputStreamReader.read(InputStreamReader.java:261) ~[craftbukkit-1.13.2.jar:git-Bukkit-dff66df]
	at org.bukkit.craftbukkit.libs.jline.internal.InputStreamReader.read(InputStreamReader.java:198) ~[craftbukkit-1.13.2.jar:git-Bukkit-dff66df]
	at org.bukkit.craftbukkit.libs.jline.console.ConsoleReader.readCharacter(ConsoleReader.java:2145) ~[craftbukkit-1.13.2.jar:git-Bukkit-dff66df]
	at org.bukkit.craftbukkit.libs.jline.console.ConsoleReader.readLineSimple(ConsoleReader.java:3183) ~[craftbukkit-1.13.2.jar:git-Bukkit-dff66df]
	at org.bukkit.craftbukkit.libs.jline.console.ConsoleReader.readLine(ConsoleReader.java:2333) ~[craftbukkit-1.13.2.jar:git-Bukkit-dff66df]
	at org.bukkit.craftbukkit.libs.jline.console.ConsoleReader.readLine(ConsoleReader.java:2269) ~[craftbukkit-1.13.2.jar:git-Bukkit-dff66df]
	at org.bukkit.craftbukkit.libs.jline.console.ConsoleReader.readLine(ConsoleReader.java:2257) ~[craftbukkit-1.13.2.jar:git-Bukkit-dff66df]
	at net.minecraft.server.v1_13_R2.DedicatedServer$2.run(DedicatedServer.java:92) [craftbukkit-1.13.2.jar:git-Bukkit-dff66df]
[18:21:22] [Server thread/INFO]: Default game type: SURVIVAL
[18:21:23] [Server thread/INFO]: Generating keypair
[18:21:23] [Server thread/INFO]: Starting Minecraft server on *:25565
[18:21:23] [Server thread/INFO]: Using default channel type
[18:21:24] [Server thread/INFO]: This server is running CraftBukkit version git-Bukkit-dff66df (MC: 1.13.2) (Implementing API version 1.13.2-R0.1-SNAPSHOT)
[18:21:28] [Server thread/INFO]: [UHCPlugin] Loading UHCPlugin v1.0 (alpha)
[18:21:28] [Server thread/INFO]: Preparing level "world"
[18:21:28] [Server thread/INFO]: Found new data pack file/bukkit, loading it automatically
[18:21:28] [Server thread/INFO]: Found new data pack vanilla, loading it automatically
[18:21:28] [Server thread/INFO]: Reloading ResourceManager: Default, bukkit
[18:21:29] [Server thread/INFO]: Loaded 524 recipes
[18:21:35] [Server thread/INFO]: ---- Migration of old nether folder required ----
[18:21:35] [Server thread/INFO]: Unfortunately due to the way that Minecraft implemented multiworld support in 1.6, Bukkit requires that you move your nether folder to a new location in order to operate correctly.
[18:21:35] [Server thread/INFO]: We will move this folder for you, but it will mean that you need to move it back should you wish to stop using Bukkit in the future.
[18:21:35] [Server thread/INFO]: Attempting to move world\DIM-1 to world_nether\DIM-1...
[18:21:35] [Server thread/INFO]: Success! To restore nether in the future, simply move world_nether\DIM-1 to world\DIM-1
[18:21:35] [Server thread/WARN]: Unable to migrate world data.
[18:21:35] [Server thread/INFO]: ---- Migration of old nether folder complete ----
[18:21:35] [Server thread/INFO]: ---- Migration of old the_end folder required ----
[18:21:35] [Server thread/INFO]: Unfortunately due to the way that Minecraft implemented multiworld support in 1.6, Bukkit requires that you move your the_end folder to a new location in order to operate correctly.
[18:21:35] [Server thread/INFO]: We will move this folder for you, but it will mean that you need to move it back should you wish to stop using Bukkit in the future.
[18:21:35] [Server thread/INFO]: Attempting to move world\DIM1 to world_the_end\DIM1...
[18:21:35] [Server thread/INFO]: Success! To restore the_end in the future, simply move world_the_end\DIM1 to world\DIM1
[18:21:35] [Server thread/WARN]: Unable to migrate world data.
[18:21:35] [Server thread/INFO]: ---- Migration of old the_end folder complete ----
[18:21:35] [Server thread/INFO]: Preparing start region for level minecraft:the_nether (Seed: -605164115423305727)
[18:21:37] [Server thread/INFO]: Preparing spawn area: 4%
[18:21:37] [Server thread/INFO]: Preparing spawn area: 8%
[18:21:38] [Server thread/INFO]: Preparing spawn area: 12%
[18:21:39] [Server thread/INFO]: Preparing spawn area: 16%
[18:21:39] [Server thread/INFO]: Preparing spawn area: 20%
[18:21:40] [Server thread/INFO]: Preparing spawn area: 24%
[18:21:40] [Server thread/INFO]: Preparing spawn area: 28%
[18:21:40] [Server thread/INFO]: Preparing spawn area: 32%
[18:21:41] [Server thread/INFO]: Preparing spawn area: 36%
[18:21:41] [Server thread/INFO]: Preparing spawn area: 40%
[18:21:42] [Server thread/INFO]: Preparing spawn area: 44%
[18:21:42] [Server thread/INFO]: Preparing spawn area: 48%
[18:21:42] [Server thread/INFO]: Preparing spawn area: 52%
[18:21:43] [Server thread/INFO]: Preparing spawn area: 56%
[18:21:43] [Server thread/INFO]: Preparing spawn area: 60%
[18:21:43] [Server thread/INFO]: Preparing spawn area: 64%
[18:21:44] [Server thread/INFO]: Preparing spawn area: 68%
[18:21:44] [Server thread/INFO]: Preparing spawn area: 72%
[18:21:44] [Server thread/INFO]: Preparing spawn area: 76%
[18:21:45] [Server thread/INFO]: Preparing spawn area: 80%
[18:21:45] [Server thread/INFO]: Preparing spawn area: 84%
[18:21:45] [Server thread/INFO]: Preparing spawn area: 88%
[18:21:46] [Server thread/INFO]: Preparing spawn area: 92%
[18:21:46] [Server thread/INFO]: Preparing spawn area: 96%
[18:21:46] [Server thread/INFO]: Preparing spawn area: 100%
[18:21:46] [Server thread/INFO]: Preparing start region for level minecraft:the_end (Seed: -605164115423305727)
[18:21:47] [Server thread/INFO]: Preparing spawn area: 4%
[18:21:47] [Server thread/INFO]: Preparing spawn area: 8%
[18:21:47] [Server thread/INFO]: Preparing spawn area: 12%
[18:21:47] [Server thread/INFO]: Preparing spawn area: 16%
[18:21:47] [Server thread/INFO]: Preparing spawn area: 20%
[18:21:47] [Server thread/INFO]: Preparing spawn area: 24%
[18:21:47] [Server thread/INFO]: Preparing spawn area: 28%
[18:21:48] [Server thread/INFO]: Preparing spawn area: 32%
[18:21:48] [Server thread/INFO]: Preparing spawn area: 36%
[18:21:48] [Server thread/INFO]: Preparing spawn area: 40%
[18:21:48] [Server thread/INFO]: Preparing spawn area: 44%
[18:21:48] [Server thread/INFO]: Preparing spawn area: 48%
[18:21:48] [Server thread/INFO]: Preparing spawn area: 52%
[18:21:48] [Server thread/INFO]: Preparing spawn area: 56%
[18:21:48] [Server thread/INFO]: Preparing spawn area: 60%
[18:21:48] [Server thread/INFO]: Preparing spawn area: 64%
[18:21:48] [Server thread/INFO]: Preparing spawn area: 68%
[18:21:48] [Server thread/INFO]: Preparing spawn area: 72%
[18:21:48] [Server thread/INFO]: Preparing spawn area: 76%
[18:21:49] [Server thread/INFO]: Preparing spawn area: 80%
[18:21:49] [Server thread/INFO]: Preparing spawn area: 84%
[18:21:49] [Server thread/INFO]: Preparing spawn area: 88%
[18:21:49] [Server thread/INFO]: Preparing spawn area: 92%
[18:21:49] [Server thread/INFO]: Preparing spawn area: 96%
[18:21:49] [Server thread/INFO]: Preparing spawn area: 100%
[18:21:49] [Server thread/INFO]: Preparing start region for level minecraft:overworld (Seed: -605164115423305727)
[18:21:52] [Server thread/INFO]: Preparing spawn area: 4%
[18:21:52] [Server thread/INFO]: Preparing spawn area: 8%
[18:21:53] [Server thread/INFO]: Preparing spawn area: 12%
[18:21:53] [Server thread/INFO]: Preparing spawn area: 16%
[18:21:54] [Server thread/INFO]: Preparing spawn area: 20%
[18:21:56] [Server thread/INFO]: Preparing spawn area: 24%
[18:21:56] [Server thread/INFO]: Preparing spawn area: 28%
[18:21:56] [Server thread/INFO]: Preparing spawn area: 32%
[18:21:57] [Server thread/INFO]: Preparing spawn area: 36%
[18:21:57] [Server thread/INFO]: Preparing spawn area: 40%
[18:21:58] [Server thread/INFO]: Preparing spawn area: 44%
[18:21:58] [Server thread/INFO]: Preparing spawn area: 48%
[18:21:58] [Server thread/INFO]: Preparing spawn area: 52%
[18:21:59] [Server thread/INFO]: Preparing spawn area: 56%
[18:21:59] [Server thread/INFO]: Preparing spawn area: 60%
[18:21:59] [Server thread/INFO]: Preparing spawn area: 64%
[18:22:00] [Server thread/INFO]: Preparing spawn area: 68%
[18:22:00] [Server thread/INFO]: Preparing spawn area: 72%
[18:22:01] [Server thread/INFO]: Preparing spawn area: 76%
[18:22:01] [Server thread/INFO]: Preparing spawn area: 80%
[18:22:02] [Server thread/INFO]: Preparing spawn area: 84%
[18:22:02] [Server thread/INFO]: Preparing spawn area: 88%
[18:22:02] [Server thread/INFO]: Preparing spawn area: 92%
[18:22:03] [Server thread/INFO]: Preparing spawn area: 96%
[18:22:03] [Server thread/INFO]: Preparing spawn area: 100%
[18:22:03] [Server thread/INFO]: Time elapsed: 28637 ms
[18:22:03] [Server thread/INFO]: [UHCPlugin] Enabling UHCPlugin v1.0 (alpha)
[18:22:03] [Server thread/INFO]: [UHCPlugin] UHC plugin has been enabled.
[18:22:03] [Server thread/INFO]: Done (35.472s)! For help, type "help"
[18:22:06] [Server thread/WARN]: Can't keep up! Is the server overloaded? Running 2005ms or 40 ticks behind
